<?xml version="1.0" encoding="UTF-8"?>
<!-- Generated by org.testng.reporters.JUnitXMLReporter -->
<testsuite ignored="0" hostname="TAP-5CD204B278" failures="1" tests="4" name="Error validation Test" time="66.881" errors="0" timestamp="2025-03-24T16:36:22 IST">
  <testcase classname="base.Errorvalidation" name="Loginvalidation" time="0.482"/>
  <testcase classname="base.Errorvalidation" name="Productvalidation" time="2.609">
    <skipped/>
  </testcase> <!-- Productvalidation -->
  <testcase classname="base.Errorvalidation" name="Productvalidation" time="1.528">
    <skipped/>
  </testcase> <!-- Productvalidation -->
  <testcase classname="base.Errorvalidation" name="Productvalidation" time="3.63">
    <failure type="java.lang.NullPointerException" message="Cannot invoke &amp;quot;org.openqa.selenium.WebElement.findElement(org.openqa.selenium.By)&amp;quot; because &amp;quot;prod&amp;quot; is null">
      <![CDATA[java.lang.NullPointerException: Cannot invoke "org.openqa.selenium.WebElement.findElement(org.openqa.selenium.By)" because "prod" is null
at base.ProductCatalog.addProductTocart(ProductCatalog.java:52)
at base.Errorvalidation.Productvalidation(Errorvalidation.java:37)
at java.base/java.util.ArrayList.forEach(ArrayList.java:1596)
at java.base/java.util.concurrent.FutureTask.run(FutureTask.java:317)
at java.base/java.util.concurrent.ThreadPoolExecutor.runWorker(ThreadPoolExecutor.java:1144)
at java.base/java.util.concurrent.ThreadPoolExecutor$Worker.run(ThreadPoolExecutor.java:642)
at java.base/java.lang.Thread.run(Thread.java:1583)
... Removed 16 stack frames]]>
    </failure>
  </testcase> <!-- Productvalidation -->
</testsuite> <!-- Error validation Test -->
