<?xml version="1.0" encoding="UTF-8"?>
<testng-results ignored="0" total="6" passed="6" failed="0" skipped="0">
  <reporter-output>
  </reporter-output>
  <suite started-at="2025-03-26T10:54:17 IST" name="Suite" finished-at="2025-03-26T10:55:35 IST" duration-ms="78217">
    <groups>
      <group name="Errorvalidation">
        <method signature="Errorvalidation.Loginvalidation()[pri:0, instance:base.Errorvalidation@f58853c]" name="Loginvalidation" class="base.Errorvalidation"/>
      </group> <!-- Errorvalidation -->
      <group name="buy">
        <method signature="BaseTest.submitOrder(java.util.HashMap)[pri:0, instance:base.BaseTest@790da477]" name="submitOrder" class="base.BaseTest"/>
      </group> <!-- buy -->
    </groups>
    <test started-at="2025-03-26T10:54:17 IST" name="Error validation Test" finished-at="2025-03-26T10:55:02 IST" duration-ms="45461">
      <class name="base.Errorvalidation">
        <test-method is-config="true" signature="launchApp()[pri:0, instance:base.Errorvalidation@f58853c]" started-at="2025-03-26T10:54:17 IST" name="launchApp" finished-at="2025-03-26T10:54:31 IST" duration-ms="14177" status="PASS">
          <reporter-output>
          </reporter-output>
        </test-method> <!-- launchApp -->
        <test-method signature="Loginvalidation()[pri:0, instance:base.Errorvalidation@f58853c]" started-at="2025-03-26T10:54:31 IST" name="Loginvalidation" finished-at="2025-03-26T10:54:32 IST" duration-ms="1085" status="PASS">
          <reporter-output>
          </reporter-output>
        </test-method> <!-- Loginvalidation -->
        <test-method is-config="true" signature="tearDown()[pri:0, instance:base.Errorvalidation@f58853c]" started-at="2025-03-26T10:54:32 IST" name="tearDown" finished-at="2025-03-26T10:54:32 IST" duration-ms="523" status="PASS">
          <reporter-output>
          </reporter-output>
        </test-method> <!-- tearDown -->
        <test-method is-config="true" signature="launchApp()[pri:0, instance:base.Errorvalidation@f58853c]" started-at="2025-03-26T10:54:32 IST" name="launchApp" finished-at="2025-03-26T10:54:40 IST" duration-ms="8006" status="PASS">
          <reporter-output>
          </reporter-output>
        </test-method> <!-- launchApp -->
        <test-method signature="Productvalidation()[pri:0, instance:base.Errorvalidation@f58853c]" started-at="2025-03-26T10:54:40 IST" name="Productvalidation" finished-at="2025-03-26T10:55:02 IST" duration-ms="21173" status="PASS">
          <reporter-output>
          </reporter-output>
        </test-method> <!-- Productvalidation -->
        <test-method is-config="true" signature="tearDown()[pri:0, instance:base.Errorvalidation@f58853c]" started-at="2025-03-26T10:55:02 IST" name="tearDown" finished-at="2025-03-26T10:55:02 IST" duration-ms="459" status="PASS">
          <reporter-output>
          </reporter-output>
        </test-method> <!-- tearDown -->
      </class> <!-- base.Errorvalidation -->
    </test> <!-- Error validation Test -->
    <test started-at="2025-03-26T10:54:17 IST" name="Submit order Test" finished-at="2025-03-26T10:55:35 IST" duration-ms="78217">
      <class name="base.BaseTest">
        <test-method is-config="true" signature="launchApp()[pri:0, instance:base.BaseTest@790da477]" started-at="2025-03-26T10:54:17 IST" name="launchApp" finished-at="2025-03-26T10:54:30 IST" duration-ms="13301" status="PASS">
          <reporter-output>
          </reporter-output>
        </test-method> <!-- launchApp -->
        <test-method signature="submitOrder(java.util.HashMap)[pri:0, instance:base.BaseTest@790da477]" started-at="2025-03-26T10:54:30 IST" name="submitOrder" data-provider="getData" finished-at="2025-03-26T10:54:46 IST" duration-ms="15611" status="PASS">
          <params>
            <param index="0">
              <value>
                <![CDATA[{password=Rupak@2001, product=ADIDAS ORIGINAL, email=rupakdebbarman111@gmail.com}]]>
              </value>
            </param>
          </params>
          <reporter-output>
          </reporter-output>
        </test-method> <!-- submitOrder -->
        <test-method is-config="true" signature="tearDown()[pri:0, instance:base.BaseTest@790da477]" started-at="2025-03-26T10:54:46 IST" name="tearDown" finished-at="2025-03-26T10:54:46 IST" duration-ms="682" status="PASS">
          <reporter-output>
          </reporter-output>
        </test-method> <!-- tearDown -->
        <test-method is-config="true" signature="launchApp()[pri:0, instance:base.BaseTest@790da477]" started-at="2025-03-26T10:54:46 IST" name="launchApp" finished-at="2025-03-26T10:54:56 IST" duration-ms="9637" status="PASS">
          <reporter-output>
          </reporter-output>
        </test-method> <!-- launchApp -->
        <test-method signature="submitOrder(java.util.HashMap)[pri:0, instance:base.BaseTest@790da477]" started-at="2025-03-26T10:54:56 IST" name="submitOrder" data-provider="getData" finished-at="2025-03-26T10:55:13 IST" duration-ms="17186" status="PASS">
          <params>
            <param index="0">
              <value>
                <![CDATA[{password=Iamking@000, product=ZARA COAT 3, email=shetty@gmail.com}]]>
              </value>
            </param>
          </params>
          <reporter-output>
          </reporter-output>
        </test-method> <!-- submitOrder -->
        <test-method is-config="true" signature="tearDown()[pri:0, instance:base.BaseTest@790da477]" started-at="2025-03-26T10:55:13 IST" name="tearDown" finished-at="2025-03-26T10:55:13 IST" duration-ms="208" status="PASS">
          <reporter-output>
          </reporter-output>
        </test-method> <!-- tearDown -->
        <test-method is-config="true" signature="launchApp()[pri:0, instance:base.BaseTest@790da477]" started-at="2025-03-26T10:55:13 IST" name="launchApp" finished-at="2025-03-26T10:55:25 IST" duration-ms="12142" status="PASS">
          <reporter-output>
          </reporter-output>
        </test-method> <!-- launchApp -->
        <test-method signature="orderHistorytest(java.util.HashMap)[pri:0, instance:base.BaseTest@790da477]" started-at="2025-03-26T10:55:25 IST" name="orderHistorytest" data-provider="getData" finished-at="2025-03-26T10:55:26 IST" depends-on-methods="base.BaseTest.submitOrder" duration-ms="903" status="PASS">
          <params>
            <param index="0">
              <value>
                <![CDATA[{password=Rupak@2001, product=ADIDAS ORIGINAL, email=rupakdebbarman111@gmail.com}]]>
              </value>
            </param>
          </params>
          <reporter-output>
          </reporter-output>
        </test-method> <!-- orderHistorytest -->
        <test-method is-config="true" signature="tearDown()[pri:0, instance:base.BaseTest@790da477]" started-at="2025-03-26T10:55:26 IST" name="tearDown" finished-at="2025-03-26T10:55:27 IST" duration-ms="344" status="PASS">
          <reporter-output>
          </reporter-output>
        </test-method> <!-- tearDown -->
        <test-method is-config="true" signature="launchApp()[pri:0, instance:base.BaseTest@790da477]" started-at="2025-03-26T10:55:27 IST" name="launchApp" finished-at="2025-03-26T10:55:34 IST" duration-ms="7092" status="PASS">
          <reporter-output>
          </reporter-output>
        </test-method> <!-- launchApp -->
        <test-method signature="orderHistorytest(java.util.HashMap)[pri:0, instance:base.BaseTest@790da477]" started-at="2025-03-26T10:55:34 IST" name="orderHistorytest" data-provider="getData" finished-at="2025-03-26T10:55:34 IST" depends-on-methods="base.BaseTest.submitOrder" duration-ms="656" status="PASS">
          <params>
            <param index="0">
              <value>
                <![CDATA[{password=Iamking@000, product=ZARA COAT 3, email=shetty@gmail.com}]]>
              </value>
            </param>
          </params>
          <reporter-output>
          </reporter-output>
        </test-method> <!-- orderHistorytest -->
        <test-method is-config="true" signature="tearDown()[pri:0, instance:base.BaseTest@790da477]" started-at="2025-03-26T10:55:34 IST" name="tearDown" finished-at="2025-03-26T10:55:35 IST" duration-ms="280" status="PASS">
          <reporter-output>
          </reporter-output>
        </test-method> <!-- tearDown -->
      </class> <!-- base.BaseTest -->
    </test> <!-- Submit order Test -->
  </suite> <!-- Suite -->
</testng-results>
